[debug] [2025-09-30T09:20:35.467Z] ----------------------------------------------------------------------
[debug] [2025-09-30T09:20:35.473Z] Command:       C:\Program Files\nodejs\node.exe C:\Users\BabsBuild\AppData\Roaming\npm\node_modules\firebase-tools\lib\bin\firebase.js deploy
[debug] [2025-09-30T09:20:35.474Z] CLI Version:   14.17.0
[debug] [2025-09-30T09:20:35.474Z] Platform:      win32
[debug] [2025-09-30T09:20:35.474Z] Node Version:  v24.7.0
[debug] [2025-09-30T09:20:35.475Z] Time:          Tue Sep 30 2025 10:20:35 GMT+0100 (West Africa Standard Time)
[debug] [2025-09-30T09:20:35.475Z] ----------------------------------------------------------------------
[debug] 
[debug] [2025-09-30T09:20:35.910Z] > command requires scopes: ["email","openid","https://www.googleapis.com/auth/cloudplatformprojects.readonly","https://www.googleapis.com/auth/firebase","https://www.googleapis.com/auth/cloud-platform"]
[debug] [2025-09-30T09:20:35.911Z] > authorizing via signed-in user (babseli933@gmail.com)
[debug] [2025-09-30T09:20:35.911Z] [iam] checking project chainflow-sin7j for permissions ["firebase.projects.get",null]
[debug] [2025-09-30T09:20:35.913Z] Checked if tokens are valid: true, expires at: 1759227597334
[debug] [2025-09-30T09:20:35.914Z] Checked if tokens are valid: true, expires at: 1759227597334
[debug] [2025-09-30T09:20:35.916Z] >>> [apiv2][query] POST https://cloudresourcemanager.googleapis.com/v1/projects/chainflow-sin7j:testIamPermissions [none]
[debug] [2025-09-30T09:20:35.916Z] >>> [apiv2][(partial)header] POST https://cloudresourcemanager.googleapis.com/v1/projects/chainflow-sin7j:testIamPermissions x-goog-quota-user=projects/chainflow-sin7j
[debug] [2025-09-30T09:20:35.916Z] >>> [apiv2][body] POST https://cloudresourcemanager.googleapis.com/v1/projects/chainflow-sin7j:testIamPermissions {"permissions":["firebase.projects.get",null]}
[debug] [2025-09-30T09:20:36.703Z] <<< [apiv2][status] POST https://cloudresourcemanager.googleapis.com/v1/projects/chainflow-sin7j:testIamPermissions 200
[debug] [2025-09-30T09:20:36.704Z] <<< [apiv2][body] POST https://cloudresourcemanager.googleapis.com/v1/projects/chainflow-sin7j:testIamPermissions {"permissions":["firebase.projects.get"]}
[debug] [2025-09-30T09:20:36.704Z] [iam] error while checking permissions, command may fail: Authorization failed. This account is missing the following required permissions on project chainflow-sin7j:

  
[info] 
[info] === Deploying to 'chainflow-sin7j'...
[info] 
[info] i  deploying apphosting 
[debug] [2025-09-30T09:20:36.719Z] Checked if tokens are valid: true, expires at: 1759227597334
[debug] [2025-09-30T09:20:36.719Z] Checked if tokens are valid: true, expires at: 1759227597334
[debug] [2025-09-30T09:20:36.719Z] >>> [apiv2][query] POST https://iam.googleapis.com/v1/projects/chainflow-sin7j/serviceAccounts/firebase-app-hosting-compute@chainflow-sin7j.iam.gserviceaccount.com:testIamPermissions [none]
[debug] [2025-09-30T09:20:36.719Z] >>> [apiv2][(partial)header] POST https://iam.googleapis.com/v1/projects/chainflow-sin7j/serviceAccounts/firebase-app-hosting-compute@chainflow-sin7j.iam.gserviceaccount.com:testIamPermissions x-goog-quota-user=projects/chainflow-sin7j
[debug] [2025-09-30T09:20:36.720Z] >>> [apiv2][body] POST https://iam.googleapis.com/v1/projects/chainflow-sin7j/serviceAccounts/firebase-app-hosting-compute@chainflow-sin7j.iam.gserviceaccount.com:testIamPermissions {"permissions":["iam.serviceAccounts.actAs"]}
[debug] [2025-09-30T09:20:37.502Z] <<< [apiv2][status] POST https://iam.googleapis.com/v1/projects/chainflow-sin7j/serviceAccounts/firebase-app-hosting-compute@chainflow-sin7j.iam.gserviceaccount.com:testIamPermissions 200
[debug] [2025-09-30T09:20:37.502Z] <<< [apiv2][body] POST https://iam.googleapis.com/v1/projects/chainflow-sin7j/serviceAccounts/firebase-app-hosting-compute@chainflow-sin7j.iam.gserviceaccount.com:testIamPermissions {"permissions":["iam.serviceAccounts.actAs"]}
[debug] [2025-09-30T09:20:37.503Z] Checked if tokens are valid: true, expires at: 1759227597334
[debug] [2025-09-30T09:20:37.504Z] Checked if tokens are valid: true, expires at: 1759227597334
[debug] [2025-09-30T09:20:37.504Z] >>> [apiv2][query] POST https://iam.googleapis.com/v1/projects/chainflow-sin7j/serviceAccounts [none]
[debug] [2025-09-30T09:20:37.504Z] >>> [apiv2][body] POST https://iam.googleapis.com/v1/projects/chainflow-sin7j/serviceAccounts {"accountId":"firebase-app-hosting-compute","serviceAccount":{"displayName":"Firebase App Hosting compute service account","description":"Default service account used to run builds and deploys for Firebase App Hosting"}}
[debug] [2025-09-30T09:20:37.966Z] <<< [apiv2][status] POST https://iam.googleapis.com/v1/projects/chainflow-sin7j/serviceAccounts 409
[debug] [2025-09-30T09:20:37.966Z] <<< [apiv2][body] POST https://iam.googleapis.com/v1/projects/chainflow-sin7j/serviceAccounts [omitted]
[debug] [2025-09-30T09:20:37.970Z] Checked if tokens are valid: true, expires at: 1759227597334
[debug] [2025-09-30T09:20:37.970Z] Checked if tokens are valid: true, expires at: 1759227597334
[debug] [2025-09-30T09:20:37.971Z] >>> [apiv2][query] POST https://cloudresourcemanager.googleapis.com/v1/projects/chainflow-sin7j:getIamPolicy [none]
[debug] [2025-09-30T09:20:38.398Z] <<< [apiv2][status] POST https://cloudresourcemanager.googleapis.com/v1/projects/chainflow-sin7j:getIamPolicy 200
[debug] [2025-09-30T09:20:38.398Z] <<< [apiv2][body] POST https://cloudresourcemanager.googleapis.com/v1/projects/chainflow-sin7j:getIamPolicy {"version":1,"etag":"BwZAAUJUkXA=","bindings":[{"role":"roles/artifactregistry.serviceAgent","members":["serviceAccount:service-17029842726@gcp-sa-artifactregistry.iam.gserviceaccount.com"]},{"role":"roles/cloudbuild.builds.builder","members":["serviceAccount:17029842726@cloudbuild.gserviceaccount.com"]},{"role":"roles/cloudbuild.serviceAgent","members":["serviceAccount:service-17029842726@gcp-sa-cloudbuild.iam.gserviceaccount.com"]},{"role":"roles/cloudfunctions.serviceAgent","members":["serviceAccount:service-17029842726@gcf-admin-robot.iam.gserviceaccount.com"]},{"role":"roles/containerregistry.ServiceAgent","members":["serviceAccount:service-17029842726@containerregistry.iam.gserviceaccount.com"]},{"role":"roles/developerconnect.readTokenAccessor","members":["serviceAccount:firebase-app-hosting-compute@chainflow-sin7j.iam.gserviceaccount.com"]},{"role":"roles/developerconnect.serviceAgent","members":["serviceAccount:service-17029842726@gcp-sa-devconnect.iam.gserviceaccount.com"]},{"role":"roles/editor","members":["serviceAccount:17029842726-compute@developer.gserviceaccount.com","serviceAccount:17029842726@cloudservices.gserviceaccount.com","serviceAccount:chainflow-sin7j@appspot.gserviceaccount.com"]},{"role":"roles/firebase.managementServiceAgent","members":["serviceAccount:service-17029842726@gcp-sa-firebase.iam.gserviceaccount.com"]},{"role":"roles/firebase.sdkAdminServiceAgent","members":["serviceAccount:firebase-adminsdk-fbsvc@chainflow-sin7j.iam.gserviceaccount.com","serviceAccount:firebase-app-hosting-compute@chainflow-sin7j.iam.gserviceaccount.com"]},{"role":"roles/firebaseapphosting.computeRunner","members":["serviceAccount:firebase-app-hosting-compute@chainflow-sin7j.iam.gserviceaccount.com"]},{"role":"roles/firebaseapphosting.serviceAgent","members":["serviceAccount:service-17029842726@gcp-sa-firebaseapphosting.iam.gserviceaccount.com"]},{"role":"roles/firebaseauth.admin","members":["serviceAccount:firebase-adminsdk-fbsvc@chainflow-sin7j.iam.gserviceaccount.com"]},{"role":"roles/firebasedataconnect.serviceAgent","members":["serviceAccount:service-17029842726@gcp-sa-firebasedataconnect.iam.gserviceaccount.com"]},{"role":"roles/firebasemods.serviceAgent","members":["serviceAccount:service-17029842726@gcp-sa-firebasemods.iam.gserviceaccount.com"]},{"role":"roles/firebaserules.system","members":["serviceAccount:service-17029842726@firebase-rules.iam.gserviceaccount.com"]},{"role":"roles/firestore.serviceAgent","members":["serviceAccount:service-17029842726@gcp-sa-firestore.iam.gserviceaccount.com"]},{"role":"roles/iam.serviceAccountTokenCreator","members":["serviceAccount:firebase-adminsdk-fbsvc@chainflow-sin7j.iam.gserviceaccount.com"]},{"role":"roles/owner","members":["user:babseli933@gmail.com"]},{"role":"roles/run.serviceAgent","members":["serviceAccount:service-17029842726@serverless-robot-prod.iam.gserviceaccount.com"]},{"role":"roles/secretmanager.admin_withcond_430560e492537f2b49ed","members":["serviceAccount:service-17029842726@gcp-sa-devconnect.iam.gserviceaccount.com"]},{"role":"roles/storage.objectViewer","members":["serviceAccount:firebase-app-hosting-compute@chainflow-sin7j.iam.gserviceaccount.com"]}]}
[debug] [2025-09-30T09:20:38.400Z] Checked if tokens are valid: true, expires at: 1759227597334
[debug] [2025-09-30T09:20:38.400Z] Checked if tokens are valid: true, expires at: 1759227597334
[debug] [2025-09-30T09:20:38.400Z] >>> [apiv2][query] POST https://cloudresourcemanager.googleapis.com/v1/projects/chainflow-sin7j:setIamPolicy [none]
[debug] [2025-09-30T09:20:38.401Z] >>> [apiv2][body] POST https://cloudresourcemanager.googleapis.com/v1/projects/chainflow-sin7j:setIamPolicy {"policy":{"version":1,"etag":"BwZAAUJUkXA=","bindings":[{"role":"roles/artifactregistry.serviceAgent","members":["serviceAccount:service-17029842726@gcp-sa-artifactregistry.iam.gserviceaccount.com"]},{"role":"roles/cloudbuild.builds.builder","members":["serviceAccount:17029842726@cloudbuild.gserviceaccount.com"]},{"role":"roles/cloudbuild.serviceAgent","members":["serviceAccount:service-17029842726@gcp-sa-cloudbuild.iam.gserviceaccount.com"]},{"role":"roles/cloudfunctions.serviceAgent","members":["serviceAccount:service-17029842726@gcf-admin-robot.iam.gserviceaccount.com"]},{"role":"roles/containerregistry.ServiceAgent","members":["serviceAccount:service-17029842726@containerregistry.iam.gserviceaccount.com"]},{"role":"roles/developerconnect.readTokenAccessor","members":["serviceAccount:firebase-app-hosting-compute@chainflow-sin7j.iam.gserviceaccount.com"]},{"role":"roles/developerconnect.serviceAgent","members":["serviceAccount:service-17029842726@gcp-sa-devconnect.iam.gserviceaccount.com"]},{"role":"roles/editor","members":["serviceAccount:17029842726-compute@developer.gserviceaccount.com","serviceAccount:17029842726@cloudservices.gserviceaccount.com","serviceAccount:chainflow-sin7j@appspot.gserviceaccount.com"]},{"role":"roles/firebase.managementServiceAgent","members":["serviceAccount:service-17029842726@gcp-sa-firebase.iam.gserviceaccount.com"]},{"role":"roles/firebase.sdkAdminServiceAgent","members":["serviceAccount:firebase-adminsdk-fbsvc@chainflow-sin7j.iam.gserviceaccount.com","serviceAccount:firebase-app-hosting-compute@chainflow-sin7j.iam.gserviceaccount.com"]},{"role":"roles/firebaseapphosting.computeRunner","members":["serviceAccount:firebase-app-hosting-compute@chainflow-sin7j.iam.gserviceaccount.com"]},{"role":"roles/firebaseapphosting.serviceAgent","members":["serviceAccount:service-17029842726@gcp-sa-firebaseapphosting.iam.gserviceaccount.com"]},{"role":"roles/firebaseauth.admin","members":["serviceAccount:firebase-adminsdk-fbsvc@chainflow-sin7j.iam.gserviceaccount.com"]},{"role":"roles/firebasedataconnect.serviceAgent","members":["serviceAccount:service-17029842726@gcp-sa-firebasedataconnect.iam.gserviceaccount.com"]},{"role":"roles/firebasemods.serviceAgent","members":["serviceAccount:service-17029842726@gcp-sa-firebasemods.iam.gserviceaccount.com"]},{"role":"roles/firebaserules.system","members":["serviceAccount:service-17029842726@firebase-rules.iam.gserviceaccount.com"]},{"role":"roles/firestore.serviceAgent","members":["serviceAccount:service-17029842726@gcp-sa-firestore.iam.gserviceaccount.com"]},{"role":"roles/iam.serviceAccountTokenCreator","members":["serviceAccount:firebase-adminsdk-fbsvc@chainflow-sin7j.iam.gserviceaccount.com"]},{"role":"roles/owner","members":["user:babseli933@gmail.com"]},{"role":"roles/run.serviceAgent","members":["serviceAccount:service-17029842726@serverless-robot-prod.iam.gserviceaccount.com"]},{"role":"roles/secretmanager.admin_withcond_430560e492537f2b49ed","members":["serviceAccount:service-17029842726@gcp-sa-devconnect.iam.gserviceaccount.com"]},{"role":"roles/storage.objectViewer","members":["serviceAccount:firebase-app-hosting-compute@chainflow-sin7j.iam.gserviceaccount.com"]}]},"updateMask":"bindings"}
[debug] [2025-09-30T09:20:39.352Z] <<< [apiv2][status] POST https://cloudresourcemanager.googleapis.com/v1/projects/chainflow-sin7j:setIamPolicy 200
[debug] [2025-09-30T09:20:39.352Z] <<< [apiv2][body] POST https://cloudresourcemanager.googleapis.com/v1/projects/chainflow-sin7j:setIamPolicy {"version":1,"etag":"BwZAAUQJ4zY=","bindings":[{"role":"roles/artifactregistry.serviceAgent","members":["serviceAccount:service-17029842726@gcp-sa-artifactregistry.iam.gserviceaccount.com"]},{"role":"roles/cloudbuild.builds.builder","members":["serviceAccount:17029842726@cloudbuild.gserviceaccount.com"]},{"role":"roles/cloudbuild.serviceAgent","members":["serviceAccount:service-17029842726@gcp-sa-cloudbuild.iam.gserviceaccount.com"]},{"role":"roles/cloudfunctions.serviceAgent","members":["serviceAccount:service-17029842726@gcf-admin-robot.iam.gserviceaccount.com"]},{"role":"roles/containerregistry.ServiceAgent","members":["serviceAccount:service-17029842726@containerregistry.iam.gserviceaccount.com"]},{"role":"roles/developerconnect.readTokenAccessor","members":["serviceAccount:firebase-app-hosting-compute@chainflow-sin7j.iam.gserviceaccount.com"]},{"role":"roles/developerconnect.serviceAgent","members":["serviceAccount:service-17029842726@gcp-sa-devconnect.iam.gserviceaccount.com"]},{"role":"roles/editor","members":["serviceAccount:17029842726-compute@developer.gserviceaccount.com","serviceAccount:17029842726@cloudservices.gserviceaccount.com","serviceAccount:chainflow-sin7j@appspot.gserviceaccount.com"]},{"role":"roles/firebase.managementServiceAgent","members":["serviceAccount:service-17029842726@gcp-sa-firebase.iam.gserviceaccount.com"]},{"role":"roles/firebase.sdkAdminServiceAgent","members":["serviceAccount:firebase-adminsdk-fbsvc@chainflow-sin7j.iam.gserviceaccount.com","serviceAccount:firebase-app-hosting-compute@chainflow-sin7j.iam.gserviceaccount.com"]},{"role":"roles/firebaseapphosting.computeRunner","members":["serviceAccount:firebase-app-hosting-compute@chainflow-sin7j.iam.gserviceaccount.com"]},{"role":"roles/firebaseapphosting.serviceAgent","members":["serviceAccount:service-17029842726@gcp-sa-firebaseapphosting.iam.gserviceaccount.com"]},{"role":"roles/firebaseauth.admin","members":["serviceAccount:firebase-adminsdk-fbsvc@chainflow-sin7j.iam.gserviceaccount.com"]},{"role":"roles/firebasedataconnect.serviceAgent","members":["serviceAccount:service-17029842726@gcp-sa-firebasedataconnect.iam.gserviceaccount.com"]},{"role":"roles/firebasemods.serviceAgent","members":["serviceAccount:service-17029842726@gcp-sa-firebasemods.iam.gserviceaccount.com"]},{"role":"roles/firebaserules.system","members":["serviceAccount:service-17029842726@firebase-rules.iam.gserviceaccount.com"]},{"role":"roles/firestore.serviceAgent","members":["serviceAccount:service-17029842726@gcp-sa-firestore.iam.gserviceaccount.com"]},{"role":"roles/iam.serviceAccountTokenCreator","members":["serviceAccount:firebase-adminsdk-fbsvc@chainflow-sin7j.iam.gserviceaccount.com"]},{"role":"roles/owner","members":["user:babseli933@gmail.com"]},{"role":"roles/run.serviceAgent","members":["serviceAccount:service-17029842726@serverless-robot-prod.iam.gserviceaccount.com"]},{"role":"roles/secretmanager.admin_withcond_430560e492537f2b49ed","members":["serviceAccount:service-17029842726@gcp-sa-devconnect.iam.gserviceaccount.com"]},{"role":"roles/storage.objectViewer","members":["serviceAccount:firebase-app-hosting-compute@chainflow-sin7j.iam.gserviceaccount.com"]}]}
[debug] [2025-09-30T09:20:39.354Z] Checked if tokens are valid: true, expires at: 1759227597334
[debug] [2025-09-30T09:20:39.354Z] Checked if tokens are valid: true, expires at: 1759227597334
[debug] [2025-09-30T09:20:39.354Z] >>> [apiv2][query] GET https://firebaseapphosting.googleapis.com/v1beta/projects/chainflow-sin7j/locations/-/backends 
[debug] [2025-09-30T09:20:40.641Z] <<< [apiv2][status] GET https://firebaseapphosting.googleapis.com/v1beta/projects/chainflow-sin7j/locations/-/backends 200
[debug] [2025-09-30T09:20:40.641Z] <<< [apiv2][body] GET https://firebaseapphosting.googleapis.com/v1beta/projects/chainflow-sin7j/locations/-/backends {"backends":[{"name":"projects/chainflow-sin7j/locations/us-central1/backends/shieldprotocol","createTime":"2025-09-29T17:32:20.280921327Z","updateTime":"2025-09-29T17:32:25.948838Z","uri":"shieldprotocol--chainflow-sin7j.us-central1.hosted.app","managedResources":[{"runService":{"service":"projects/17029842726/locations/us-central1/services/shieldprotocol"}}],"codebase":{"repository":"projects/chainflow-sin7j/locations/us-central1/connections/apphosting-github-conn-xuyvjci/gitRepositoryLinks/Babs0022-SHIELD","rootDirectory":"/"},"uid":"ad8313ae-ece3-4726-9ad6-5378944101c4","etag":"jYgStVFKw01hw-l7mGoM7cYuBCZbuX-tpM5K4AavTxs","reconciling":false,"servingLocality":"GLOBAL_ACCESS","serviceAccount":"firebase-app-hosting-compute@chainflow-sin7j.iam.gserviceaccount.com","appId":"1:17029842726:web:9f1037073e766962c423e7"}]}
[info] i  apphosting: Found backend(s) shieldprotocol 
[debug] [2025-09-30T09:20:40.644Z] Checked if tokens are valid: true, expires at: 1759227597334
[debug] [2025-09-30T09:20:40.644Z] Checked if tokens are valid: true, expires at: 1759227597334
[debug] [2025-09-30T09:20:40.644Z] >>> [apiv2][query] GET https://developerconnect.googleapis.com/v1/projects/chainflow-sin7j/locations/us-central1/connections/apphosting-github-conn-xuyvjci/gitRepositoryLinks/Babs0022-SHIELD [none]
[debug] [2025-09-30T09:20:42.003Z] <<< [apiv2][status] GET https://developerconnect.googleapis.com/v1/projects/chainflow-sin7j/locations/us-central1/connections/apphosting-github-conn-xuyvjci/gitRepositoryLinks/Babs0022-SHIELD 200
[debug] [2025-09-30T09:20:42.003Z] <<< [apiv2][body] GET https://developerconnect.googleapis.com/v1/projects/chainflow-sin7j/locations/us-central1/connections/apphosting-github-conn-xuyvjci/gitRepositoryLinks/Babs0022-SHIELD {"name":"projects/chainflow-sin7j/locations/us-central1/connections/apphosting-github-conn-xuyvjci/gitRepositoryLinks/Babs0022-SHIELD","cloneUri":"https://github.com/Babs0022/SHIELD.git","createTime":"2025-09-29T17:31:30.932651684Z","updateTime":"2025-09-29T17:31:31.472639201Z"}
[info] +  Wrote C:\Users\BabsBuild\SHIELD\frontend\firebase.json 
[info] i  apphosting: On future invocations of "firebase deploy", your local source will be deployed to shieldprotocol. You can edit this setting in your firebase.json at any time. 
[debug] [2025-09-30T09:20:53.087Z] Checked if tokens are valid: true, expires at: 1759227597334
[debug] [2025-09-30T09:20:53.087Z] Checked if tokens are valid: true, expires at: 1759227597334
[debug] [2025-09-30T09:20:53.088Z] >>> [apiv2][query] GET https://cloudresourcemanager.googleapis.com/v1/projects/chainflow-sin7j [none]
[debug] [2025-09-30T09:20:53.834Z] <<< [apiv2][status] GET https://cloudresourcemanager.googleapis.com/v1/projects/chainflow-sin7j 200
[debug] [2025-09-30T09:20:53.834Z] <<< [apiv2][body] GET https://cloudresourcemanager.googleapis.com/v1/projects/chainflow-sin7j {"projectNumber":"17029842726","projectId":"chainflow-sin7j","lifecycleState":"ACTIVE","name":"ChainFlow","labels":{"monospace-workspace-id":"studio-8359971239","firebase":"enabled","firebase-core":"disabled"},"createTime":"2025-06-14T11:20:49.577389Z"}
[debug] [2025-09-30T09:20:53.834Z] Checked if tokens are valid: true, expires at: 1759227597334
[debug] [2025-09-30T09:20:53.834Z] Checked if tokens are valid: true, expires at: 1759227597334
[debug] [2025-09-30T09:20:53.835Z] >>> [apiv2][query] GET https://storage.googleapis.com/storage/v1/b/firebaseapphosting-sources-17029842726-us-central1 [none]
[debug] [2025-09-30T09:20:54.837Z] <<< [apiv2][status] GET https://storage.googleapis.com/storage/v1/b/firebaseapphosting-sources-17029842726-us-central1 404
[debug] [2025-09-30T09:20:54.838Z] <<< [apiv2][body] GET https://storage.googleapis.com/storage/v1/b/firebaseapphosting-sources-17029842726-us-central1 {"error":{"code":404,"message":"The specified bucket does not exist.","errors":[{"message":"The specified bucket does not exist.","domain":"global","reason":"notFound"}]}}
[debug] Request to https://storage.googleapis.com/storage/v1/b/firebaseapphosting-sources-17029842726-us-central1 had HTTP Error: 404, The specified bucket does not exist.
[info] i  apphosting: Creating Cloud Storage bucket in us-central1 to store App Hosting source code uploads at firebaseapphosting-sources-17029842726-us-central1... 
[debug] [2025-09-30T09:20:54.841Z] Checked if tokens are valid: true, expires at: 1759227597334
[debug] [2025-09-30T09:20:54.842Z] Checked if tokens are valid: true, expires at: 1759227597334
[debug] [2025-09-30T09:20:54.842Z] >>> [apiv2][query] POST https://storage.googleapis.com/storage/v1/b project=chainflow-sin7j
[debug] [2025-09-30T09:20:54.842Z] >>> [apiv2][body] POST https://storage.googleapis.com/storage/v1/b {"name":"firebaseapphosting-sources-17029842726-us-central1","location":"us-central1","lifecycle":{"rule":[{"action":{"type":"Delete"},"condition":{"age":30}}]}}
[debug] [2025-09-30T09:20:55.646Z] <<< [apiv2][status] POST https://storage.googleapis.com/storage/v1/b 200
[debug] [2025-09-30T09:20:55.647Z] <<< [apiv2][body] POST https://storage.googleapis.com/storage/v1/b {"kind":"storage#bucket","selfLink":"https://www.googleapis.com/storage/v1/b/firebaseapphosting-sources-17029842726-us-central1","id":"firebaseapphosting-sources-17029842726-us-central1","name":"firebaseapphosting-sources-17029842726-us-central1","projectNumber":"17029842726","generation":"1759224056938328012","metageneration":"1","location":"US-CENTRAL1","storageClass":"STANDARD","etag":"CAE=","timeCreated":"2025-09-30T09:20:57.125Z","updated":"2025-09-30T09:20:57.125Z","lifecycle":{"rule":[{"action":{"type":"Delete"},"condition":{"age":30}}]},"softDeletePolicy":{"retentionDurationSeconds":"604800","effectiveTime":"2025-09-30T09:20:57.125Z"},"iamConfiguration":{"bucketPolicyOnly":{"enabled":false},"uniformBucketLevelAccess":{"enabled":false},"publicAccessPrevention":"inherited"},"locationType":"region","satisfiesPZI":true}
